C:\USERS\MICHAEL\DOCUMENTS\VISUAL STUDIO 2012\PROJECTS\TOOLTIP\TOOLTIP\X64\RELEASE\TOOLTIP.PCH
C:\USERS\MICHAEL\DOCUMENTS\VISUAL STUDIO 2012\PROJECTS\TOOLTIP\TOOLTIP\X64\RELEASE\STDAFX.OBJ
C:\USERS\MICHAEL\DOCUMENTS\VISUAL STUDIO 2012\PROJECTS\TOOLTIP\TOOLTIP\X64\RELEASE\VC110.PDB
C:\USERS\MICHAEL\DOCUMENTS\VISUAL STUDIO 2012\PROJECTS\TOOLTIP\TOOLTIP\X64\RELEASE\TOOLTIP.OBJ
C:\USERS\MICHAEL\DOCUMENTS\VISUAL STUDIO 2012\PROJECTS\TOOLTIP\TOOLTIP\X64\RELEASE\TOOLDATA.OBJ
C:\USERS\MICHAEL\DOCUMENTS\VISUAL STUDIO 2012\PROJECTS\TOOLTIP\X64\RELEASE\TOOLTIP.EXE
C:\USERS\MICHAEL\DOCUMENTS\VISUAL STUDIO 2012\PROJECTS\TOOLTIP\X64\RELEASE\TOOLTIP.PDB
C:\Users\Michael\Documents\Visual Studio 2012\Projects\Tooltip\Tooltip\x64\Release\stdafx.obj
C:\Users\Michael\Documents\Visual Studio 2012\Projects\Tooltip\Tooltip\x64\Release\ToolData.obj
C:\Users\Michael\Documents\Visual Studio 2012\Projects\Tooltip\Tooltip\x64\Release\Tooltip.obj
C:\Users\Michael\Documents\Visual Studio 2012\Projects\Tooltip\Tooltip\x64\Release\cl.command.1.tlog
C:\Users\Michael\Documents\Visual Studio 2012\Projects\Tooltip\Tooltip\x64\Release\CL.read.1.tlog
C:\Users\Michael\Documents\Visual Studio 2012\Projects\Tooltip\Tooltip\x64\Release\CL.write.1.tlog
C:\Users\Michael\Documents\Visual Studio 2012\Projects\Tooltip\Tooltip\x64\Release\link-cvtres.read.1.tlog
C:\Users\Michael\Documents\Visual Studio 2012\Projects\Tooltip\Tooltip\x64\Release\link-cvtres.write.1.tlog
C:\Users\Michael\Documents\Visual Studio 2012\Projects\Tooltip\Tooltip\x64\Release\link-rc.read.1.tlog
C:\Users\Michael\Documents\Visual Studio 2012\Projects\Tooltip\Tooltip\x64\Release\link-rc.write.1.tlog
C:\Users\Michael\Documents\Visual Studio 2012\Projects\Tooltip\Tooltip\x64\Release\link.command.1.tlog
C:\Users\Michael\Documents\Visual Studio 2012\Projects\Tooltip\Tooltip\x64\Release\link.read.1.tlog
C:\Users\Michael\Documents\Visual Studio 2012\Projects\Tooltip\Tooltip\x64\Release\link.write.1.tlog
C:\Users\Michael\Documents\Visual Studio 2012\Projects\Tooltip\Tooltip\x64\Release\Tooltip.pch
C:\Users\Michael\Documents\Visual Studio 2012\Projects\Tooltip\Tooltip\x64\Release\vc110.pdb
C:\Users\Michael\Documents\Visual Studio 2012\Projects\Tooltip\x64\Release\Tooltip.pdb
C:\Users\Michael\Documents\Visual Studio 2012\Projects\Tooltip\x64\Release\Tooltip.exe
