C:\USERS\MICHAEL\DOCUMENTS\VISUAL STUDIO 2012\PROJECTS\TOOLTIP\TOOLTIP\X64\DEBUG\TOOLTIP.PCH
C:\USERS\MICHAEL\DOCUMENTS\VISUAL STUDIO 2012\PROJECTS\TOOLTIP\TOOLTIP\X64\DEBUG\STDAFX.OBJ
C:\USERS\MICHAEL\DOCUMENTS\VISUAL STUDIO 2012\PROJECTS\TOOLTIP\TOOLTIP\X64\DEBUG\VC110.PDB
C:\USERS\MICHAEL\DOCUMENTS\VISUAL STUDIO 2012\PROJECTS\TOOLTIP\TOOLTIP\X64\DEBUG\TOOLTIP.OBJ
C:\USERS\MICHAEL\DOCUMENTS\VISUAL STUDIO 2012\PROJECTS\TOOLTIP\X64\DEBUG\TOOLTIP.ILK
C:\USERS\MICHAEL\DOCUMENTS\VISUAL STUDIO 2012\PROJECTS\TOOLTIP\X64\DEBUG\TOOLTIP.EXE
C:\USERS\MICHAEL\DOCUMENTS\VISUAL STUDIO 2012\PROJECTS\TOOLTIP\X64\DEBUG\TOOLTIP.PDB
C:\Users\Michael\Documents\Visual Studio 2012\Projects\Tooltip\Tooltip\x64\Debug\stdafx.obj
C:\Users\Michael\Documents\Visual Studio 2012\Projects\Tooltip\Tooltip\x64\Debug\Tooltip.obj
C:\Users\Michael\Documents\Visual Studio 2012\Projects\Tooltip\Tooltip\x64\Debug\cl.command.1.tlog
C:\Users\Michael\Documents\Visual Studio 2012\Projects\Tooltip\Tooltip\x64\Debug\CL.read.1.tlog
C:\Users\Michael\Documents\Visual Studio 2012\Projects\Tooltip\Tooltip\x64\Debug\CL.write.1.tlog
C:\Users\Michael\Documents\Visual Studio 2012\Projects\Tooltip\Tooltip\x64\Debug\link-cvtres.read.1.tlog
C:\Users\Michael\Documents\Visual Studio 2012\Projects\Tooltip\Tooltip\x64\Debug\link-cvtres.write.1.tlog
C:\Users\Michael\Documents\Visual Studio 2012\Projects\Tooltip\Tooltip\x64\Debug\link-rc.read.1.tlog
C:\Users\Michael\Documents\Visual Studio 2012\Projects\Tooltip\Tooltip\x64\Debug\link-rc.write.1.tlog
C:\Users\Michael\Documents\Visual Studio 2012\Projects\Tooltip\Tooltip\x64\Debug\link.10260-cvtres.read.1.tlog
C:\Users\Michael\Documents\Visual Studio 2012\Projects\Tooltip\Tooltip\x64\Debug\link.10260-cvtres.write.1.tlog
C:\Users\Michael\Documents\Visual Studio 2012\Projects\Tooltip\Tooltip\x64\Debug\link.10260-rc.read.1.tlog
C:\Users\Michael\Documents\Visual Studio 2012\Projects\Tooltip\Tooltip\x64\Debug\link.10260-rc.write.1.tlog
C:\Users\Michael\Documents\Visual Studio 2012\Projects\Tooltip\Tooltip\x64\Debug\link.10260.read.1.tlog
C:\Users\Michael\Documents\Visual Studio 2012\Projects\Tooltip\Tooltip\x64\Debug\link.10260.write.1.tlog
C:\Users\Michael\Documents\Visual Studio 2012\Projects\Tooltip\Tooltip\x64\Debug\link.10600-cvtres.read.1.tlog
C:\Users\Michael\Documents\Visual Studio 2012\Projects\Tooltip\Tooltip\x64\Debug\link.10600-cvtres.write.1.tlog
C:\Users\Michael\Documents\Visual Studio 2012\Projects\Tooltip\Tooltip\x64\Debug\link.10600-rc.read.1.tlog
C:\Users\Michael\Documents\Visual Studio 2012\Projects\Tooltip\Tooltip\x64\Debug\link.10600-rc.write.1.tlog
C:\Users\Michael\Documents\Visual Studio 2012\Projects\Tooltip\Tooltip\x64\Debug\link.10600.read.1.tlog
C:\Users\Michael\Documents\Visual Studio 2012\Projects\Tooltip\Tooltip\x64\Debug\link.10600.write.1.tlog
C:\Users\Michael\Documents\Visual Studio 2012\Projects\Tooltip\Tooltip\x64\Debug\link.1496-cvtres.read.1.tlog
C:\Users\Michael\Documents\Visual Studio 2012\Projects\Tooltip\Tooltip\x64\Debug\link.1496-cvtres.write.1.tlog
C:\Users\Michael\Documents\Visual Studio 2012\Projects\Tooltip\Tooltip\x64\Debug\link.1496-rc.read.1.tlog
C:\Users\Michael\Documents\Visual Studio 2012\Projects\Tooltip\Tooltip\x64\Debug\link.1496-rc.write.1.tlog
C:\Users\Michael\Documents\Visual Studio 2012\Projects\Tooltip\Tooltip\x64\Debug\link.1496.read.1.tlog
C:\Users\Michael\Documents\Visual Studio 2012\Projects\Tooltip\Tooltip\x64\Debug\link.1496.write.1.tlog
C:\Users\Michael\Documents\Visual Studio 2012\Projects\Tooltip\Tooltip\x64\Debug\link.5264-cvtres.read.1.tlog
C:\Users\Michael\Documents\Visual Studio 2012\Projects\Tooltip\Tooltip\x64\Debug\link.5264-cvtres.write.1.tlog
C:\Users\Michael\Documents\Visual Studio 2012\Projects\Tooltip\Tooltip\x64\Debug\link.5264-rc.read.1.tlog
C:\Users\Michael\Documents\Visual Studio 2012\Projects\Tooltip\Tooltip\x64\Debug\link.5264-rc.write.1.tlog
C:\Users\Michael\Documents\Visual Studio 2012\Projects\Tooltip\Tooltip\x64\Debug\link.5264.read.1.tlog
C:\Users\Michael\Documents\Visual Studio 2012\Projects\Tooltip\Tooltip\x64\Debug\link.5264.write.1.tlog
C:\Users\Michael\Documents\Visual Studio 2012\Projects\Tooltip\Tooltip\x64\Debug\link.command.1.tlog
C:\Users\Michael\Documents\Visual Studio 2012\Projects\Tooltip\Tooltip\x64\Debug\link.read.1.tlog
C:\Users\Michael\Documents\Visual Studio 2012\Projects\Tooltip\Tooltip\x64\Debug\link.write.1.tlog
C:\Users\Michael\Documents\Visual Studio 2012\Projects\Tooltip\Tooltip\x64\Debug\Tooltip.pch
C:\Users\Michael\Documents\Visual Studio 2012\Projects\Tooltip\Tooltip\x64\Debug\vc110.idb
C:\Users\Michael\Documents\Visual Studio 2012\Projects\Tooltip\Tooltip\x64\Debug\vc110.pdb
C:\Users\Michael\Documents\Visual Studio 2012\Projects\Tooltip\x64\Debug\Tooltip.pdb
C:\Users\Michael\Documents\Visual Studio 2012\Projects\Tooltip\x64\Debug\Tooltip.exe
C:\Users\Michael\Documents\Visual Studio 2012\Projects\Tooltip\x64\Debug\Tooltip.ilk
